<?xml version="1.0" encoding="UTF-8" ?>
<testsuite failures="0" time="0.109" errors="0" skipped="0" tests="9" name="mieszko.projekt.game.gamestore.tests.GameStoreTest">
  <properties>
[...]
</properties>
  <testcase time="0.052" classname="mieszko.projekt.game.gamestore.tests.GameStoreTest" name="showAllGamesInStoreTest"/>
  <testcase time="0.004" classname="mieszko.projekt.game.gamestore.tests.GameStoreTest" name="removeGameFromStoreTest"/>
  <testcase time="0.003" classname="mieszko.projekt.game.gamestore.tests.GameStoreTest" name="purchaseGameTest"/>
  <testcase time="0.002" classname="mieszko.projekt.game.gamestore.tests.GameStoreTest" name="settingPriceTest"/>
  <testcase time="0.002" classname="mieszko.projekt.game.gamestore.tests.GameStoreTest" name="findByCompanyTest"/>
  <testcase time="0.001" classname="mieszko.projekt.game.gamestore.tests.GameStoreTest" name="findByDataCarrierTypeTest"/>
  <testcase time="0.004" classname="mieszko.projekt.game.gamestore.tests.GameStoreTest" name="findByTitleTest"/>
  <testcase time="0.006" classname="mieszko.projekt.game.gamestore.tests.GameStoreTest" name="createCustomerWithNegativeAmountOfMoneyTest"/>
  <testcase time="0.002" classname="mieszko.projekt.game.gamestore.tests.GameStoreTest" name="clientHasNoMoneyToPayTest"/>
</testsuite>